<?xml version="1.0" encoding="UTF-8"?>
<!-- Generated by org.testng.reporters.JUnitXMLReporter -->
<testsuite ignored="2" hostname="Diptalok_Sahoo" failures="0" tests="3" name="Test" time="100.242" errors="0" timestamp="2024-03-22T15:01:59 IST">
  <testcase classname="vtiger_CRM_testNG.Contact_Scenario" name="Create" time="35.102"/>
  <testcase classname="vtiger_CRM_testNG.Contact_Scenario" name="sample" time="0.0"/>
  <testcase classname="vtiger_CRM_testNG.Product_Scenario2" name="Add_Delete_ProductModule" time="30.023"/>
  <testcase classname="Generic_Utilities.TestNG_Base_Class" name="@AfterSuite asConfig" time="0.0">
    <ignored/>
  </testcase> <!-- @AfterSuite asConfig -->
  <testcase classname="Generic_Utilities.TestNG_Base_Class" name="@BeforeSuite bsConfig" time="0.0">
    <ignored/>
  </testcase> <!-- @BeforeSuite bsConfig -->
</testsuite> <!-- Test -->
